<?xml version="1.0" encoding="UTF-8"?>
<!-- Generated by org.testng.reporters.JUnitReportReporter -->
<testsuite skipped="0" hostname="Muhammads-MacBook-Air.local" name="Home.LandingPage" tests="2" failures="0" timestamp="23 Apr 2018 15:51:45 GMT" time="54.670" errors="0">
  <testcase name="test1" time="37.828" classname="Home.LandingPage"/>
  <testcase name="test2" time="16.842" classname="Home.LandingPage"/>
</testsuite> <!-- Home.LandingPage -->
